#
# There is insufficient memory for the Java Runtime Environment to continue.
# Native memory allocation (malloc) failed to allocate 32744 bytes for ChunkPool::allocate
# Possible reasons:
#   The system is out of physical RAM or swap space
#   The process is running with CompressedOops enabled, and the Java Heap may be blocking the growth of the native heap
# Possible solutions:
#   Reduce memory load on the system
#   Increase physical memory or swap space
#   Check if swap backing store is full
#   Decrease Java heap size (-Xmx/-Xms)
#   Decrease number of Java threads
#   Decrease Java thread stack sizes (-Xss)
#   Set larger code cache with -XX:ReservedCodeCacheSize=
#   JVM is running with Unscaled Compressed Oops mode in which the Java heap is
#     placed in the first 4GB address space. The Java Heap base address is the
#     maximum limit for the native heap growth. Please use -XX:HeapBaseMinAddress
#     to set the Java Heap base and to place the Java Heap above 4GB virtual address.
# This output file may be truncated or incomplete.
#
#  Out of Memory Error (allocation.cpp:272), pid=6060, tid=0x00000000000026e8
#
# JRE version: Java(TM) SE Runtime Environment (8.0_281-b09) (build 1.8.0_281-b09)
# Java VM: Java HotSpot(TM) 64-Bit Server VM (25.281-b09 mixed mode windows-amd64 compressed oops)
# Failed to write core dump. Minidumps are not enabled by default on client versions of Windows
#

---------------  T H R E A D  ---------------

Current thread (0x0000019a098e0800):  JavaThread "main" [_thread_in_vm, id=9960, stack(0x00000041c1500000,0x00000041c1600000)]

Stack: [0x00000041c1500000,0x00000041c1600000]
Native frames: (J=compiled Java code, j=interpreted, Vv=VM code, C=native code)
V  [jvm.dll+0x32e5b9]
V  [jvm.dll+0x275012]
V  [jvm.dll+0x275cbd]
V  [jvm.dll+0x26c6f5]
V  [jvm.dll+0xd569d]
V  [jvm.dll+0xd59fc]
V  [jvm.dll+0x5458]
V  [jvm.dll+0x7382d]
V  [jvm.dll+0x77247]
V  [jvm.dll+0x74088]
V  [jvm.dll+0x73a49]
V  [jvm.dll+0x188b63]
C  [java.dll+0x80ea]
C  0x0000019a0b55a7d4

Java frames: (J=compiled Java code, j=interpreted, Vv=VM code)
J 724  java.lang.Throwable.fillInStackTrace(I)Ljava/lang/Throwable; (0 bytes) @ 0x0000019a0b55a73b [0x0000019a0b55a700+0x3b]
J 3203 C2 java.lang.ClassNotFoundException.<init>(Ljava/lang/String;)V (7 bytes) @ 0x0000019a0be53cb0 [0x0000019a0be53be0+0xd0]
J 1719 C2 java.lang.ClassLoader.loadClass(Ljava/lang/String;Z)Ljava/lang/Class; (122 bytes) @ 0x0000019a0b8b4c94 [0x0000019a0b8b3bc0+0x10d4]
J 424 C1 sun.misc.Launcher$AppClassLoader.loadClass(Ljava/lang/String;Z)Ljava/lang/Class; (85 bytes) @ 0x0000019a0b491634 [0x0000019a0b490c60+0x9d4]
J 407 C1 java.lang.ClassLoader.loadClass(Ljava/lang/String;)Ljava/lang/Class; (7 bytes) @ 0x0000019a0b488f5c [0x0000019a0b488e40+0x11c]
v  ~StubRoutines::call_stub
J 542  java.lang.Class.forName0(Ljava/lang/String;ZLjava/lang/ClassLoader;Ljava/lang/Class;)Ljava/lang/Class; (0 bytes) @ 0x0000019a0b4e7f87 [0x0000019a0b4e7f00+0x87]
J 688 C1 java.lang.Class.forName(Ljava/lang/String;ZLjava/lang/ClassLoader;)Ljava/lang/Class; (53 bytes) @ 0x0000019a0b54822c [0x0000019a0b547d00+0x52c]
j  com.sun.beans.finder.ClassFinder.findClass(Ljava/lang/String;)Ljava/lang/Class;+26
J 3932 C1 com.sun.beans.finder.ClassFinder.findClass(Ljava/lang/String;Ljava/lang/ClassLoader;)Ljava/lang/Class; (25 bytes) @ 0x0000019a0c1049f4 [0x0000019a0c1048a0+0x154]
j  java.beans.Introspector.findCustomizerClass(Ljava/lang/Class;)Ljava/lang/Class;+28
J 3938 C1 java.beans.Introspector.getTargetBeanDescriptor()Ljava/beans/BeanDescriptor; (42 bytes) @ 0x0000019a0c1037a4 [0x0000019a0c1035a0+0x204]
j  java.beans.Introspector.getBeanInfo()Ljava/beans/BeanInfo;+1
J 3936 C1 java.beans.Introspector.<init>(Ljava/lang/Class;Ljava/lang/Class;I)V (199 bytes) @ 0x0000019a0c1070fc [0x0000019a0c105fe0+0x111c]
J 3937 C1 java.beans.Introspector.getBeanInfo(Ljava/lang/Class;Ljava/lang/Class;I)Ljava/beans/BeanInfo; (33 bytes) @ 0x0000019a0c10316c [0x0000019a0c103020+0x14c]
j  java.beans.Introspector.getBeanInfo(Ljava/lang/Class;I)Ljava/beans/BeanInfo;+3
j  org.springframework.beans.CachedIntrospectionResults.getBeanInfo(Ljava/lang/Class;)Ljava/beans/BeanInfo;+53
j  org.springframework.beans.CachedIntrospectionResults.<init>(Ljava/lang/Class;)V+52
j  org.springframework.beans.CachedIntrospectionResults.forClass(Ljava/lang/Class;)Lorg/springframework/beans/CachedIntrospectionResults;+43
j  org.springframework.beans.BeanWrapperImpl.getCachedIntrospectionResults()Lorg/springframework/beans/CachedIntrospectionResults;+12
j  org.springframework.beans.BeanWrapperImpl.getPropertyDescriptors()[Ljava/beans/PropertyDescriptor;+1
j  org.springframework.beans.factory.support.AbstractAutowireCapableBeanFactory.filterPropertyDescriptorsForDependencyCheck(Lorg/springframework/beans/BeanWrapper;)[Ljava/beans/PropertyDescriptor;+5
j  org.springframework.beans.factory.support.AbstractAutowireCapableBeanFactory.filterPropertyDescriptorsForDependencyCheck(Lorg/springframework/beans/BeanWrapper;Z)[Ljava/beans/PropertyDescriptor;+25
j  org.springframework.beans.factory.support.AbstractAutowireCapableBeanFactory.populateBean(Ljava/lang/String;Lorg/springframework/beans/factory/support/RootBeanDefinition;Lorg/springframework/beans/BeanWrapper;)V+288
j  org.springframework.beans.factory.support.AbstractAutowireCapableBeanFactory.doCreateBean(Ljava/lang/String;Lorg/springframework/beans/factory/support/RootBeanDefinition;[Ljava/lang/Object;)Ljava/lang/Object;+237
j  org.springframework.beans.factory.support.AbstractAutowireCapableBeanFactory.createBean(Ljava/lang/String;Lorg/springframework/beans/factory/support/RootBeanDefinition;[Ljava/lang/Object;)Ljava/lang/Object;+169
j  org.springframework.beans.factory.support.AbstractBeanFactory.lambda$doGetBean$0(Ljava/lang/String;Lorg/springframework/beans/factory/support/RootBeanDefinition;[Ljava/lang/Object;)Ljava/lang/Object;+4
j  org.springframework.beans.factory.support.AbstractBeanFactory$$Lambda$480.getObject()Ljava/lang/Object;+16
j  org.springframework.beans.factory.support.DefaultSingletonBeanRegistry.getSingleton(Ljava/lang/String;Lorg/springframework/beans/factory/ObjectFactory;)Ljava/lang/Object;+132
J 2455 C1 org.springframework.beans.factory.support.AbstractBeanFactory.doGetBean(Ljava/lang/String;Ljava/lang/Class;[Ljava/lang/Object;Z)Ljava/lang/Object; (832 bytes) @ 0x0000019a0bb10844 [0x0000019a0bb0e5a0+0x22a4]
j  org.springframework.beans.factory.support.AbstractBeanFactory.getBean(Ljava/lang/String;)Ljava/lang/Object;+5
j  org.springframework.beans.factory.config.DependencyDescriptor.resolveCandidate(Ljava/lang/String;Ljava/lang/Class;Lorg/springframework/beans/factory/BeanFactory;)Ljava/lang/Object;+2
j  org.springframework.beans.factory.support.DefaultListableBeanFactory.doResolveDependency(Lorg/springframework/beans/factory/config/DependencyDescriptor;Ljava/lang/String;Ljava/util/Set;Lorg/springframework/beans/TypeConverter;)Ljava/lang/Object;+440
j  org.springframework.beans.factory.support.DefaultListableBeanFactory.resolveDependency(Lorg/springframework/beans/factory/config/DependencyDescriptor;Ljava/lang/String;Ljava/util/Set;Lorg/springframework/beans/TypeConverter;)Ljava/lang/Object;+108
j  org.springframework.beans.factory.support.ConstructorResolver.resolveAutowiredArgument(Lorg/springframework/core/MethodParameter;Ljava/lang/String;Ljava/util/Set;Lorg/springframework/beans/TypeConverter;Z)Ljava/lang/Object;+79
j  org.springframework.beans.factory.support.ConstructorResolver.createArgumentArray(Ljava/lang/String;Lorg/springframework/beans/factory/support/RootBeanDefinition;Lorg/springframework/beans/factory/config/ConstructorArgumentValues;Lorg/springframework/beans/BeanWrapper;[Ljava/lang/Class;[Ljava/lang/String;Ljava/lang/reflect/Executable;ZZ)Lorg/springframework/beans/factory/support/ConstructorResolver$ArgumentsHolder;+434
j  org.springframework.beans.factory.support.ConstructorResolver.instantiateUsingFactoryMethod(Ljava/lang/String;Lorg/springframework/beans/factory/support/RootBeanDefinition;[Ljava/lang/Object;)Lorg/springframework/beans/BeanWrapper;+736
j  org.springframework.beans.factory.support.AbstractAutowireCapableBeanFactory.instantiateUsingFactoryMethod(Ljava/lang/String;Lorg/springframework/beans/factory/support/RootBeanDefinition;[Ljava/lang/Object;)Lorg/springframework/beans/BeanWrapper;+11
j  org.springframework.beans.factory.support.AbstractAutowireCapableBeanFactory.createBeanInstance(Ljava/lang/String;Lorg/springframework/beans/factory/support/RootBeanDefinition;[Ljava/lang/Object;)Lorg/springframework/beans/BeanWrapper;+102
j  org.springframework.beans.factory.support.AbstractAutowireCapableBeanFactory.doCreateBean(Ljava/lang/String;Lorg/springframework/beans/factory/support/RootBeanDefinition;[Ljava/lang/Object;)Ljava/lang/Object;+34
j  org.springframework.beans.factory.support.AbstractAutowireCapableBeanFactory.createBean(Ljava/lang/String;Lorg/springframework/beans/factory/support/RootBeanDefinition;[Ljava/lang/Object;)Ljava/lang/Object;+169
j  org.springframework.beans.factory.support.AbstractBeanFactory.lambda$doGetBean$0(Ljava/lang/String;Lorg/springframework/beans/factory/support/RootBeanDefinition;[Ljava/lang/Object;)Ljava/lang/Object;+4
j  org.springframework.beans.factory.support.AbstractBeanFactory$$Lambda$480.getObject()Ljava/lang/Object;+16
j  org.springframework.beans.factory.support.DefaultSingletonBeanRegistry.getSingleton(Ljava/lang/String;Lorg/springframework/beans/factory/ObjectFactory;)Ljava/lang/Object;+132
J 2455 C1 org.springframework.beans.factory.support.AbstractBeanFactory.doGetBean(Ljava/lang/String;Ljava/lang/Class;[Ljava/lang/Object;Z)Ljava/lang/Object; (832 bytes) @ 0x0000019a0bb10844 [0x0000019a0bb0e5a0+0x22a4]
j  org.springframework.beans.factory.support.AbstractBeanFactory.getBean(Ljava/lang/String;)Ljava/lang/Object;+5
j  org.springframework.beans.factory.support.DefaultListableBeanFactory.getBeansOfType(Ljava/lang/Class;ZZ)Ljava/util/Map;+46
j  org.springframework.boot.web.server.WebServerFactoryCustomizerBeanPostProcessor.getWebServerFactoryCustomizerBeans()Ljava/util/Collection;+8
j  org.springframework.boot.web.server.WebServerFactoryCustomizerBeanPostProcessor.getCustomizers()Ljava/util/Collection;+13
j  org.springframework.boot.web.server.WebServerFactoryCustomizerBeanPostProcessor.postProcessBeforeInitialization(Lorg/springframework/boot/web/server/WebServerFactory;)V+3
j  org.springframework.boot.web.server.WebServerFactoryCustomizerBeanPostProcessor.postProcessBeforeInitialization(Ljava/lang/Object;Ljava/lang/String;)Ljava/lang/Object;+12
j  org.springframework.beans.factory.support.AbstractAutowireCapableBeanFactory.applyBeanPostProcessorsBeforeInitialization(Ljava/lang/Object;Ljava/lang/String;)Ljava/lang/Object;+39
j  org.springframework.beans.factory.support.AbstractAutowireCapableBeanFactory.initializeBean(Ljava/lang/String;Ljava/lang/Object;Lorg/springframework/beans/factory/support/RootBeanDefinition;)Ljava/lang/Object;+49
j  org.springframework.beans.factory.support.AbstractAutowireCapableBeanFactory.doCreateBean(Ljava/lang/String;Lorg/springframework/beans/factory/support/RootBeanDefinition;[Ljava/lang/Object;)Ljava/lang/Object;+245
j  org.springframework.beans.factory.support.AbstractAutowireCapableBeanFactory.createBean(Ljava/lang/String;Lorg/springframework/beans/factory/support/RootBeanDefinition;[Ljava/lang/Object;)Ljava/lang/Object;+169
j  org.springframework.beans.factory.support.AbstractBeanFactory.lambda$doGetBean$0(Ljava/lang/String;Lorg/springframework/beans/factory/support/RootBeanDefinition;[Ljava/lang/Object;)Ljava/lang/Object;+4
j  org.springframework.beans.factory.support.AbstractBeanFactory$$Lambda$480.getObject()Ljava/lang/Object;+16
j  org.springframework.beans.factory.support.DefaultSingletonBeanRegistry.getSingleton(Ljava/lang/String;Lorg/springframework/beans/factory/ObjectFactory;)Ljava/lang/Object;+132
J 2455 C1 org.springframework.beans.factory.support.AbstractBeanFactory.doGetBean(Ljava/lang/String;Ljava/lang/Class;[Ljava/lang/Object;Z)Ljava/lang/Object; (832 bytes) @ 0x0000019a0bb10844 [0x0000019a0bb0e5a0+0x22a4]
j  org.springframework.beans.factory.support.AbstractBeanFactory.getBean(Ljava/lang/String;)Ljava/lang/Object;+5
j  org.springframework.beans.factory.support.DefaultListableBeanFactory.preInstantiateSingletons()V+248
j  org.springframework.context.support.AbstractApplicationContext.finishBeanFactoryInitialization(Lorg/springframework/beans/factory/config/ConfigurableListableBeanFactory;)V+124
j  org.springframework.context.support.AbstractApplicationContext.refresh()V+86
j  org.springframework.boot.SpringApplication.refresh(Lorg/springframework/context/ConfigurableApplicationContext;)V+1
j  org.springframework.boot.SpringApplication.refresh(Lorg/springframework/context/ApplicationContext;)V+12
j  org.springframework.boot.SpringApplication.refreshContext(Lorg/springframework/context/ConfigurableApplicationContext;)V+19
j  org.springframework.boot.SpringApplication.run([Ljava/lang/String;)Lorg/springframework/context/ConfigurableApplicationContext;+111
j  org.springframework.boot.test.context.SpringBootContextLoader.loadContext(Lorg/springframework/test/context/MergedContextConfiguration;)Lorg/springframework/context/ApplicationContext;+274
j  org.springframework.test.context.cache.DefaultCacheAwareContextLoaderDelegate.loadContextInternal(Lorg/springframework/test/context/MergedContextConfiguration;)Lorg/springframework/context/ApplicationContext;+27
j  org.springframework.test.context.cache.DefaultCacheAwareContextLoaderDelegate.loadContext(Lorg/springframework/test/context/MergedContextConfiguration;)Lorg/springframework/context/ApplicationContext;+24
j  org.springframework.test.context.support.DefaultTestContext.getApplicationContext()Lorg/springframework/context/ApplicationContext;+8
j  org.springframework.test.context.web.ServletTestExecutionListener.setUpRequestContextIfNecessary(Lorg/springframework/test/context/TestContext;)V+18
j  org.springframework.test.context.web.ServletTestExecutionListener.prepareTestInstance(Lorg/springframework/test/context/TestContext;)V+2
j  org.springframework.test.context.TestContextManager.prepareTestInstance(Ljava/lang/Object;)V+89
j  org.springframework.test.context.junit.jupiter.SpringExtension.postProcessTestInstance(Ljava/lang/Object;Lorg/junit/jupiter/api/extension/ExtensionContext;)V+10
j  org.junit.jupiter.engine.descriptor.ClassBasedTestDescriptor.lambda$invokeTestInstancePostProcessors$6(Lorg/junit/jupiter/api/extension/TestInstancePostProcessor;Ljava/lang/Object;Lorg/junit/jupiter/api/extension/ExtensionContext;)V+3
j  org.junit.jupiter.engine.descriptor.ClassBasedTestDescriptor$$Lambda$340.execute()V+12
j  org.junit.jupiter.engine.descriptor.ClassBasedTestDescriptor.executeAndMaskThrowable(Lorg/junit/jupiter/api/function/Executable;)V+1
j  org.junit.jupiter.engine.descriptor.ClassBasedTestDescriptor.lambda$invokeTestInstancePostProcessors$7(Ljava/lang/Object;Lorg/junit/jupiter/api/extension/ExtensionContext;Lorg/junit/jupiter/api/extension/TestInstancePostProcessor;)V+9
j  org.junit.jupiter.engine.descriptor.ClassBasedTestDescriptor$$Lambda$339.accept(Ljava/lang/Object;)V+16
j  java.util.stream.StreamSpliterators$WrappingSpliterator$$Lambda$225.accept(Ljava/lang/Object;)V+5
j  java.util.stream.ReferencePipeline$3$1.accept(Ljava/lang/Object;)V+17
J 910 C1 java.util.stream.ReferencePipeline$2$1.accept(Ljava/lang/Object;)V (27 bytes) @ 0x0000019a0b609694 [0x0000019a0b609480+0x214]
j  java.util.ArrayList$ArrayListSpliterator.forEachRemaining(Ljava/util/function/Consumer;)V+99
j  java.util.stream.AbstractPipeline.copyInto(Ljava/util/stream/Sink;Ljava/util/Spliterator;)V+32
j  java.util.stream.AbstractPipeline.wrapAndCopyInto(Ljava/util/stream/Sink;Ljava/util/Spliterator;)Ljava/util/stream/Sink;+13
j  java.util.stream.StreamSpliterators$WrappingSpliterator.forEachRemaining(Ljava/util/function/Consumer;)V+42
j  java.util.stream.Streams$ConcatSpliterator.forEachRemaining(Ljava/util/function/Consumer;)V+22
j  java.util.stream.Streams$ConcatSpliterator.forEachRemaining(Ljava/util/function/Consumer;)V+12
j  java.util.stream.ReferencePipeline$Head.forEach(Ljava/util/function/Consumer;)V+12
j  org.junit.jupiter.engine.descriptor.ClassBasedTestDescriptor.invokeTestInstancePostProcessors(Ljava/lang/Object;Lorg/junit/jupiter/engine/extension/ExtensionRegistry;Lorg/junit/jupiter/api/extension/ExtensionContext;)V+16
j  org.junit.jupiter.engine.descriptor.ClassBasedTestDescriptor.lambda$instantiateAndPostProcessTestInstance$4(Lorg/junit/jupiter/api/extension/TestInstances;Lorg/junit/jupiter/engine/extension/ExtensionRegistry;Lorg/junit/jupiter/api/extension/ExtensionContext;Lorg/junit/jupiter/engine/extension/ExtensionRegistrar;)V+9
j  org.junit.jupiter.engine.descriptor.ClassBasedTestDescriptor$$Lambda$338.execute()V+20
j  org.junit.platform.engine.support.hierarchical.ThrowableCollector.execute(Lorg/junit/platform/engine/support/hierarchical/ThrowableCollector$Executable;)V+1
j  org.junit.jupiter.engine.descriptor.ClassBasedTestDescriptor.instantiateAndPostProcessTestInstance(Lorg/junit/jupiter/engine/execution/JupiterEngineExecutionContext;Lorg/junit/jupiter/api/extension/ExtensionContext;Lorg/junit/jupiter/engine/extension/ExtensionRegistry;Lorg/junit/jupiter/engine/extension/ExtensionRegistrar;Lorg/junit/platform/engine/support/hierarchical/ThrowableCollector;)Lorg/junit/jupiter/api/extension/TestInstances;+27
j  org.junit.jupiter.engine.descriptor.ClassBasedTestDescriptor.lambda$testInstancesProvider$2(Lorg/junit/jupiter/engine/execution/JupiterEngineExecutionContext;Lorg/junit/jupiter/engine/descriptor/ClassExtensionContext;Lorg/junit/jupiter/engine/extension/ExtensionRegistry;Lorg/junit/jupiter/engine/extension/ExtensionRegistrar;Lorg/junit/platform/engine/support/hierarchical/ThrowableCollector;)Lorg/junit/jupiter/api/extension/TestInstances;+8
j  org.junit.jupiter.engine.descriptor.ClassBasedTestDescriptor$$Lambda$331.get()Ljava/lang/Object;+24
j  java.util.Optional.orElseGet(Ljava/util/function/Supplier;)Ljava/lang/Object;+15
j  org.junit.jupiter.engine.descriptor.ClassBasedTestDescriptor.lambda$testInstancesProvider$3(Lorg/junit/jupiter/engine/descriptor/ClassExtensionContext;Lorg/junit/jupiter/engine/execution/JupiterEngineExecutionContext;Lorg/junit/jupiter/engine/extension/ExtensionRegistry;Lorg/junit/jupiter/engine/extension/ExtensionRegistrar;Lorg/junit/platform/engine/support/hierarchical/ThrowableCollector;)Lorg/junit/jupiter/api/extension/TestInstances;+17
j  org.junit.jupiter.engine.descriptor.ClassBasedTestDescriptor$$Lambda$236.getTestInstances(Lorg/junit/jupiter/engine/extension/ExtensionRegistry;Lorg/junit/jupiter/engine/extension/ExtensionRegistrar;Lorg/junit/platform/engine/support/hierarchical/ThrowableCollector;)Lorg/junit/jupiter/api/extension/TestInstances;+15
j  org.junit.jupiter.engine.execution.TestInstancesProvider.getTestInstances(Lorg/junit/jupiter/engine/extension/MutableExtensionRegistry;Lorg/junit/platform/engine/support/hierarchical/ThrowableCollector;)Lorg/junit/jupiter/api/extension/TestInstances;+4
j  org.junit.jupiter.engine.descriptor.TestMethodTestDescriptor.lambda$prepare$0(Lorg/junit/jupiter/engine/execution/JupiterEngineExecutionContext;Lorg/junit/jupiter/engine/extension/MutableExtensionRegistry;Lorg/junit/platform/engine/support/hierarchical/ThrowableCollector;Lorg/junit/jupiter/engine/descriptor/MethodExtensionContext;)V+6
j  org.junit.jupiter.engine.descriptor.TestMethodTestDescriptor$$Lambda$330.execute()V+16
j  org.junit.platform.engine.support.hierarchical.ThrowableCollector.execute(Lorg/junit/platform/engine/support/hierarchical/ThrowableCollector$Executable;)V+1
j  org.junit.jupiter.engine.descriptor.TestMethodTestDescriptor.prepare(Lorg/junit/jupiter/engine/execution/JupiterEngineExecutionContext;)Lorg/junit/jupiter/engine/execution/JupiterEngineExecutionContext;+44
j  org.junit.jupiter.engine.descriptor.TestMethodTestDescriptor.prepare(Lorg/junit/platform/engine/support/hierarchical/EngineExecutionContext;)Lorg/junit/platform/engine/support/hierarchical/EngineExecutionContext;+5
j  org.junit.platform.engine.support.hierarchical.NodeTestTask.lambda$prepare$1()V+9
j  org.junit.platform.engine.support.hierarchical.NodeTestTask$$Lambda$179.execute()V+4
j  org.junit.platform.engine.support.hierarchical.ThrowableCollector.execute(Lorg/junit/platform/engine/support/hierarchical/ThrowableCollector$Executable;)V+1
j  org.junit.platform.engine.support.hierarchical.NodeTestTask.prepare()V+10
j  org.junit.platform.engine.support.hierarchical.NodeTestTask.execute()V+17
j  org.junit.platform.engine.support.hierarchical.SameThreadHierarchicalTestExecutorService$$Lambda$198.accept(Ljava/lang/Object;)V+4
j  java.util.ArrayList.forEach(Ljava/util/function/Consumer;)V+47
j  org.junit.platform.engine.support.hierarchical.SameThreadHierarchicalTestExecutorService.invokeAll(Ljava/util/List;)V+6
j  org.junit.platform.engine.support.hierarchical.NodeTestTask.lambda$executeRecursively$5()V+116
j  org.junit.platform.engine.support.hierarchical.NodeTestTask$$Lambda$194.execute()V+4
j  org.junit.platform.engine.support.hierarchical.ThrowableCollector.execute(Lorg/junit/platform/engine/support/hierarchical/ThrowableCollector$Executable;)V+1
j  org.junit.platform.engine.support.hierarchical.NodeTestTask.lambda$executeRecursively$7(Lorg/junit/platform/engine/support/hierarchical/EngineExecutionContext;)V+15
j  org.junit.platform.engine.support.hierarchical.NodeTestTask$$Lambda$193.invoke(Lorg/junit/platform/engine/support/hierarchical/EngineExecutionContext;)V+5
j  org.junit.platform.engine.support.hierarchical.Node.around(Lorg/junit/platform/engine/support/hierarchical/EngineExecutionContext;Lorg/junit/platform/engine/support/hierarchical/Node$Invocation;)V+2
j  org.junit.platform.engine.support.hierarchical.NodeTestTask.lambda$executeRecursively$8()V+14
j  org.junit.platform.engine.support.hierarchical.NodeTestTask$$Lambda$192.execute()V+4
j  org.junit.platform.engine.support.hierarchical.ThrowableCollector.execute(Lorg/junit/platform/engine/support/hierarchical/ThrowableCollector$Executable;)V+1
j  org.junit.platform.engine.support.hierarchical.NodeTestTask.executeRecursively()V+31
j  org.junit.platform.engine.support.hierarchical.NodeTestTask.execute()V+55
j  org.junit.platform.engine.support.hierarchical.SameThreadHierarchicalTestExecutorService$$Lambda$198.accept(Ljava/lang/Object;)V+4
j  java.util.ArrayList.forEach(Ljava/util/function/Consumer;)V+47
j  org.junit.platform.engine.support.hierarchical.SameThreadHierarchicalTestExecutorService.invokeAll(Ljava/util/List;)V+6
j  org.junit.platform.engine.support.hierarchical.NodeTestTask.lambda$executeRecursively$5()V+116
j  org.junit.platform.engine.support.hierarchical.NodeTestTask$$Lambda$194.execute()V+4
j  org.junit.platform.engine.support.hierarchical.ThrowableCollector.execute(Lorg/junit/platform/engine/support/hierarchical/ThrowableCollector$Executable;)V+1
j  org.junit.platform.engine.support.hierarchical.NodeTestTask.lambda$executeRecursively$7(Lorg/junit/platform/engine/support/hierarchical/EngineExecutionContext;)V+15
j  org.junit.platform.engine.support.hierarchical.NodeTestTask$$Lambda$193.invoke(Lorg/junit/platform/engine/support/hierarchical/EngineExecutionContext;)V+5
j  org.junit.platform.engine.support.hierarchical.Node.around(Lorg/junit/platform/engine/support/hierarchical/EngineExecutionContext;Lorg/junit/platform/engine/support/hierarchical/Node$Invocation;)V+2
j  org.junit.platform.engine.support.hierarchical.NodeTestTask.lambda$executeRecursively$8()V+14
j  org.junit.platform.engine.support.hierarchical.NodeTestTask$$Lambda$192.execute()V+4
j  org.junit.platform.engine.support.hierarchical.ThrowableCollector.execute(Lorg/junit/platform/engine/support/hierarchical/ThrowableCollector$Executable;)V+1
j  org.junit.platform.engine.support.hierarchical.NodeTestTask.executeRecursively()V+31
j  org.junit.platform.engine.support.hierarchical.NodeTestTask.execute()V+55
j  org.junit.platform.engine.support.hierarchical.SameThreadHierarchicalTestExecutorService.submit(Lorg/junit/platform/engine/support/hierarchical/HierarchicalTestExecutorService$TestTask;)Ljava/util/concurrent/Future;+1
j  org.junit.platform.engine.support.hierarchical.HierarchicalTestExecutor.execute()Ljava/util/concurrent/Future;+74
j  org.junit.platform.engine.support.hierarchical.HierarchicalTestEngine.execute(Lorg/junit/platform/engine/ExecutionRequest;)V+31
j  org.junit.platform.launcher.core.EngineExecutionOrchestrator.execute(Lorg/junit/platform/engine/TestDescriptor;Lorg/junit/platform/engine/EngineExecutionListener;Lorg/junit/platform/engine/ConfigurationParameters;Lorg/junit/platform/engine/TestEngine;)V+24
j  org.junit.platform.launcher.core.EngineExecutionOrchestrator.execute(Lorg/junit/platform/launcher/core/LauncherDiscoveryResult;Lorg/junit/platform/engine/EngineExecutionListener;)V+86
j  org.junit.platform.launcher.core.EngineExecutionOrchestrator.lambda$execute$0(Lorg/junit/platform/launcher/core/InternalTestPlan;Lorg/junit/platform/launcher/core/LauncherDiscoveryResult;Lorg/junit/platform/launcher/TestExecutionListener;)V+18
j  org.junit.platform.launcher.core.EngineExecutionOrchestrator$$Lambda$147.accept(Ljava/lang/Object;)V+16
j  org.junit.platform.launcher.core.EngineExecutionOrchestrator.withInterceptedStreams(Lorg/junit/platform/engine/ConfigurationParameters;Lorg/junit/platform/launcher/core/TestExecutionListenerRegistry;Ljava/util/function/Consumer;)V+43
j  org.junit.platform.launcher.core.EngineExecutionOrchestrator.execute(Lorg/junit/platform/launcher/core/InternalTestPlan;[Lorg/junit/platform/launcher/TestExecutionListener;)V+35
j  org.junit.platform.launcher.core.DefaultLauncher.execute(Lorg/junit/platform/launcher/core/InternalTestPlan;[Lorg/junit/platform/launcher/TestExecutionListener;)V+6
j  org.junit.platform.launcher.core.DefaultLauncher.execute(Lorg/junit/platform/launcher/LauncherDiscoveryRequest;[Lorg/junit/platform/launcher/TestExecutionListener;)V+33
j  com.intellij.junit5.JUnit5IdeaTestRunner.startRunnerWithArgs([Ljava/lang/String;Ljava/lang/String;IZ)I+202
j  com.intellij.rt.junit.IdeaTestRunner$Repeater.startRunnerWithArgs(Lcom/intellij/rt/junit/IdeaTestRunner;[Ljava/lang/String;Ljava/util/ArrayList;Ljava/lang/String;IZ)I+22
j  com.intellij.rt.junit.JUnitStarter.prepareStreamsAndStart([Ljava/lang/String;Ljava/lang/String;Ljava/util/ArrayList;Ljava/lang/String;)I+116
j  com.intellij.rt.junit.JUnitStarter.main([Ljava/lang/String;)V+97
v  ~StubRoutines::call_stub

---------------  P R O C E S S  ---------------

Java Threads: ( => current thread )
  0x0000019a21e08000 JavaThread "Service Thread" daemon [_thread_blocked, id=8216, stack(0x00000041c2a00000,0x00000041c2b00000)]
  0x0000019a21dd5000 JavaThread "C1 CompilerThread3" daemon [_thread_blocked, id=12540, stack(0x00000041c2900000,0x00000041c2a00000)]
  0x0000019a21d7f000 JavaThread "C2 CompilerThread2" daemon [_thread_in_native, id=8520, stack(0x00000041c2800000,0x00000041c2900000)]
  0x0000019a21d7e000 JavaThread "C2 CompilerThread1" daemon [_thread_in_native, id=12300, stack(0x00000041c2700000,0x00000041c2800000)]
  0x0000019a21d7d800 JavaThread "C2 CompilerThread0" daemon [_thread_in_native, id=12700, stack(0x00000041c2600000,0x00000041c2700000)]
  0x0000019a21880000 JavaThread "JDWP Command Reader" daemon [_thread_in_native, id=16380, stack(0x00000041c2500000,0x00000041c2600000)]
  0x0000019a2187f000 JavaThread "JDWP Event Helper Thread" daemon [_thread_blocked, id=19448, stack(0x00000041c2400000,0x00000041c2500000)]
  0x0000019a21879000 JavaThread "JDWP Transport Listener: dt_socket" daemon [_thread_blocked, id=11548, stack(0x00000041c2300000,0x00000041c2400000)]
  0x0000019a21860800 JavaThread "Attach Listener" daemon [_thread_blocked, id=13992, stack(0x00000041c2200000,0x00000041c2300000)]
  0x0000019a1fb1e000 JavaThread "Signal Dispatcher" daemon [_thread_blocked, id=17744, stack(0x00000041c2100000,0x00000041c2200000)]
  0x0000019a1fa99800 JavaThread "Finalizer" daemon [_thread_blocked, id=11956, stack(0x00000041c2000000,0x00000041c2100000)]
  0x0000019a1fa89800 JavaThread "Reference Handler" daemon [_thread_blocked, id=6440, stack(0x00000041c1f00000,0x00000041c2000000)]
=>0x0000019a098e0800 JavaThread "main" [_thread_in_vm, id=9960, stack(0x00000041c1500000,0x00000041c1600000)]

Other Threads:
  0x0000019a1fa5f000 VMThread [stack: 0x00000041c1e00000,0x00000041c1f00000] [id=15648]
  0x0000019a21eca000 WatcherThread [stack: 0x00000041c2b00000,0x00000041c2c00000] [id=17572]

VM state:not at safepoint (normal execution)

VM Mutex/Monitor currently owned by a thread: None

heap address: 0x0000000081c00000, size: 2020 MB, Compressed Oops mode: 32-bit
Narrow klass base: 0x0000000000000000, Narrow klass shift: 3
Compressed class space size: 1073741824 Address: 0x0000000100000000

Heap:
 PSYoungGen      total 138240K, used 97308K [0x00000000d5f00000, 0x00000000e2d80000, 0x0000000100000000)
  eden space 131072K, 74% used [0x00000000d5f00000,0x00000000dbe07270,0x00000000ddf00000)
  from space 7168K, 0% used [0x00000000de980000,0x00000000de980000,0x00000000df080000)
  to   space 10752K, 0% used [0x00000000ddf00000,0x00000000ddf00000,0x00000000de980000)
 ParOldGen       total 78336K, used 12654K [0x0000000081c00000, 0x0000000086880000, 0x00000000d5f00000)
  object space 78336K, 16% used [0x0000000081c00000,0x000000008285b868,0x0000000086880000)
 Metaspace       used 35812K, capacity 38222K, committed 38312K, reserved 1083392K
  class space    used 4584K, capacity 5007K, committed 5040K, reserved 1048576K

Card table byte_map: [0x0000019a1a650000,0x0000019a1aa50000] byte_map_base: 0x0000019a1a242000

Marking Bits: (ParMarkBitMap*) 0x000000006d856ff0
 Begin Bits: [0x0000019a1ad00000, 0x0000019a1cc90000)
 End Bits:   [0x0000019a1cc90000, 0x0000019a1ec20000)

Polling page: 0x0000019a09a40000

CodeCache: size=245760Kb used=14783Kb max_used=14783Kb free=230977Kb
 bounds [0x0000019a0b290000, 0x0000019a0c110000, 0x0000019a1a290000]
 total_blobs=4354 nmethods=3932 adapters=342
 compilation: enabled

Compilation events (10 events):
Event: 6.046 Thread 0x0000019a21dd5000 3938       3       java.beans.Introspector::getTargetBeanDescriptor (42 bytes)
Event: 6.046 Thread 0x0000019a21dd5000 nmethod 3938 0x0000019a0c103410 code [0x0000019a0c1035a0, 0x0000019a0c103930]
Event: 6.046 Thread 0x0000019a21dd5000 3937       3       java.beans.Introspector::getBeanInfo (33 bytes)
Event: 6.046 Thread 0x0000019a21dd5000 nmethod 3937 0x0000019a0c102e90 code [0x0000019a0c103020, 0x0000019a0c103310]
Event: 6.047 Thread 0x0000019a21dd5000 3939       1       org.springframework.core.annotation.AnnotationTypeMapping::getSource (5 bytes)
Event: 6.047 Thread 0x0000019a21dd5000 nmethod 3939 0x0000019a0c0e51d0 code [0x0000019a0c0e5320, 0x0000019a0c0e5438]
Event: 6.047 Thread 0x0000019a21dd5000 3940   !   3       com.sun.proxy.$Proxy37::annotationType (29 bytes)
Event: 6.048 Thread 0x0000019a21dd5000 nmethod 3940 0x0000019a0c102650 code [0x0000019a0c1027e0, 0x0000019a0c102c80]
Event: 6.059 Thread 0x0000019a21dd5000 3941       3       java.lang.Class$MethodArray::compactAndTrim (69 bytes)
Event: 6.060 Thread 0x0000019a21dd5000 nmethod 3941 0x0000019a0c101b50 code [0x0000019a0c101d00, 0x0000019a0c102390]

GC Heap History (10 events):
Event: 3.066 GC heap before
{Heap before GC invocations=6 (full 1):
 PSYoungGen      total 71680K, used 5092K [0x00000000d5f00000, 0x00000000df200000, 0x0000000100000000)
  eden space 66560K, 0% used [0x00000000d5f00000,0x00000000d5f00000,0x00000000da000000)
  from space 5120K, 99% used [0x00000000da000000,0x00000000da4f9368,0x00000000da500000)
  to   space 8704K, 0% used [0x00000000de980000,0x00000000de980000,0x00000000df200000)
 ParOldGen       total 87552K, used 4381K [0x0000000081c00000, 0x0000000087180000, 0x00000000d5f00000)
  object space 87552K, 5% used [0x0000000081c00000,0x00000000820474c0,0x0000000087180000)
 Metaspace       used 19723K, capacity 21228K, committed 21296K, reserved 1067008K
  class space    used 2540K, capacity 2838K, committed 2864K, reserved 1048576K
Event: 3.090 GC heap after
Heap after GC invocations=6 (full 1):
 PSYoungGen      total 71680K, used 0K [0x00000000d5f00000, 0x00000000df200000, 0x0000000100000000)
  eden space 66560K, 0% used [0x00000000d5f00000,0x00000000d5f00000,0x00000000da000000)
  from space 5120K, 0% used [0x00000000da000000,0x00000000da000000,0x00000000da500000)
  to   space 8704K, 0% used [0x00000000de980000,0x00000000de980000,0x00000000df200000)
 ParOldGen       total 52224K, used 6916K [0x0000000081c00000, 0x0000000084f00000, 0x00000000d5f00000)
  object space 52224K, 13% used [0x0000000081c00000,0x00000000822c13e8,0x0000000084f00000)
 Metaspace       used 19723K, capacity 21228K, committed 21296K, reserved 1067008K
  class space    used 2540K, capacity 2838K, committed 2864K, reserved 1048576K
}
Event: 3.568 GC heap before
{Heap before GC invocations=7 (full 1):
 PSYoungGen      total 71680K, used 66560K [0x00000000d5f00000, 0x00000000df200000, 0x0000000100000000)
  eden space 66560K, 100% used [0x00000000d5f00000,0x00000000da000000,0x00000000da000000)
  from space 5120K, 0% used [0x00000000da000000,0x00000000da000000,0x00000000da500000)
  to   space 8704K, 0% used [0x00000000de980000,0x00000000de980000,0x00000000df200000)
 ParOldGen       total 52224K, used 6916K [0x0000000081c00000, 0x0000000084f00000, 0x00000000d5f00000)
  object space 52224K, 13% used [0x0000000081c00000,0x00000000822c13e8,0x0000000084f00000)
 Metaspace       used 24015K, capacity 25804K, committed 26160K, reserved 1071104K
  class space    used 3146K, capacity 3512K, committed 3632K, reserved 1048576K
Event: 3.574 GC heap after
Heap after GC invocations=7 (full 1):
 PSYoungGen      total 121344K, used 6737K [0x00000000d5f00000, 0x00000000df080000, 0x0000000100000000)
  eden space 114176K, 0% used [0x00000000d5f00000,0x00000000d5f00000,0x00000000dce80000)
  from space 7168K, 93% used [0x00000000de980000,0x00000000df0146d8,0x00000000df080000)
  to   space 8704K, 0% used [0x00000000ddf80000,0x00000000ddf80000,0x00000000de800000)
 ParOldGen       total 52224K, used 6924K [0x0000000081c00000, 0x0000000084f00000, 0x00000000d5f00000)
  object space 52224K, 13% used [0x0000000081c00000,0x00000000822c33e8,0x0000000084f00000)
 Metaspace       used 24015K, capacity 25804K, committed 26160K, reserved 1071104K
  class space    used 3146K, capacity 3512K, committed 3632K, reserved 1048576K
}
Event: 4.785 GC heap before
{Heap before GC invocations=8 (full 1):
 PSYoungGen      total 121344K, used 120913K [0x00000000d5f00000, 0x00000000df080000, 0x0000000100000000)
  eden space 114176K, 100% used [0x00000000d5f00000,0x00000000dce80000,0x00000000dce80000)
  from space 7168K, 93% used [0x00000000de980000,0x00000000df0146d8,0x00000000df080000)
  to   space 8704K, 0% used [0x00000000ddf80000,0x00000000ddf80000,0x00000000de800000)
 ParOldGen       total 52224K, used 6924K [0x0000000081c00000, 0x0000000084f00000, 0x00000000d5f00000)
  object space 52224K, 13% used [0x0000000081c00000,0x00000000822c33e8,0x0000000084f00000)
 Metaspace       used 29807K, capacity 31918K, committed 32176K, reserved 1077248K
  class space    used 3852K, capacity 4261K, committed 4272K, reserved 1048576K
Event: 4.795 GC heap after
Heap after GC invocations=8 (full 1):
 PSYoungGen      total 122880K, used 8695K [0x00000000d5f00000, 0x00000000df080000, 0x0000000100000000)
  eden space 114176K, 0% used [0x00000000d5f00000,0x00000000d5f00000,0x00000000dce80000)
  from space 8704K, 99% used [0x00000000ddf80000,0x00000000de7fdde0,0x00000000de800000)
  to   space 7168K, 0% used [0x00000000de980000,0x00000000de980000,0x00000000df080000)
 ParOldGen       total 52224K, used 8001K [0x0000000081c00000, 0x0000000084f00000, 0x00000000d5f00000)
  object space 52224K, 15% used [0x0000000081c00000,0x00000000823d0760,0x0000000084f00000)
 Metaspace       used 29807K, capacity 31918K, committed 32176K, reserved 1077248K
  class space    used 3852K, capacity 4261K, committed 4272K, reserved 1048576K
}
Event: 5.277 GC heap before
{Heap before GC invocations=9 (full 1):
 PSYoungGen      total 122880K, used 55580K [0x00000000d5f00000, 0x00000000df080000, 0x0000000100000000)
  eden space 114176K, 41% used [0x00000000d5f00000,0x00000000d8cc9288,0x00000000dce80000)
  from space 8704K, 99% used [0x00000000ddf80000,0x00000000de7fdde0,0x00000000de800000)
  to   space 7168K, 0% used [0x00000000de980000,0x00000000de980000,0x00000000df080000)
 ParOldGen       total 52224K, used 8001K [0x0000000081c00000, 0x0000000084f00000, 0x00000000d5f00000)
  object space 52224K, 15% used [0x0000000081c00000,0x00000000823d0760,0x0000000084f00000)
 Metaspace       used 33254K, capacity 35408K, committed 35496K, reserved 1079296K
  class space    used 4346K, capacity 4748K, committed 4784K, reserved 1048576K
Event: 5.282 GC heap after
Heap after GC invocations=9 (full 1):
 PSYoungGen      total 138240K, used 7151K [0x00000000d5f00000, 0x00000000e2d80000, 0x0000000100000000)
  eden space 131072K, 0% used [0x00000000d5f00000,0x00000000d5f00000,0x00000000ddf00000)
  from space 7168K, 99% used [0x00000000de980000,0x00000000df07bc10,0x00000000df080000)
  to   space 10752K, 0% used [0x00000000ddf00000,0x00000000ddf00000,0x00000000de980000)
 ParOldGen       total 52224K, used 8990K [0x0000000081c00000, 0x0000000084f00000, 0x00000000d5f00000)
  object space 52224K, 17% used [0x0000000081c00000,0x00000000824c78c8,0x0000000084f00000)
 Metaspace       used 33254K, capacity 35408K, committed 35496K, reserved 1079296K
  class space    used 4346K, capacity 4748K, committed 4784K, reserved 1048576K
}
Event: 5.282 GC heap before
{Heap before GC invocations=10 (full 2):
 PSYoungGen      total 138240K, used 7151K [0x00000000d5f00000, 0x00000000e2d80000, 0x0000000100000000)
  eden space 131072K, 0% used [0x00000000d5f00000,0x00000000d5f00000,0x00000000ddf00000)
  from space 7168K, 99% used [0x00000000de980000,0x00000000df07bc10,0x00000000df080000)
  to   space 10752K, 0% used [0x00000000ddf00000,0x00000000ddf00000,0x00000000de980000)
 ParOldGen       total 52224K, used 8990K [0x0000000081c00000, 0x0000000084f00000, 0x00000000d5f00000)
  object space 52224K, 17% used [0x0000000081c00000,0x00000000824c78c8,0x0000000084f00000)
 Metaspace       used 33254K, capacity 35408K, committed 35496K, reserved 1079296K
  class space    used 4346K, capacity 4748K, committed 4784K, reserved 1048576K
Event: 5.326 GC heap after
Heap after GC invocations=10 (full 2):
 PSYoungGen      total 138240K, used 0K [0x00000000d5f00000, 0x00000000e2d80000, 0x0000000100000000)
  eden space 131072K, 0% used [0x00000000d5f00000,0x00000000d5f00000,0x00000000ddf00000)
  from space 7168K, 0% used [0x00000000de980000,0x00000000de980000,0x00000000df080000)
  to   space 10752K, 0% used [0x00000000ddf00000,0x00000000ddf00000,0x00000000de980000)
 ParOldGen       total 78336K, used 12654K [0x0000000081c00000, 0x0000000086880000, 0x00000000d5f00000)
  object space 78336K, 16% used [0x0000000081c00000,0x000000008285b868,0x0000000086880000)
 Metaspace       used 33254K, capacity 35408K, committed 35496K, reserved 1079296K
  class space    used 4346K, capacity 4748K, committed 4784K, reserved 1048576K
}

Deoptimization events (10 events):
Event: 5.535 Thread 0x0000019a098e0800 Uncommon trap: reason=unstable_if action=reinterpret pc=0x0000019a0b3c60f8 method=sun.nio.cs.UTF_8$Encoder.encode([CII[B)I @ 33
Event: 5.734 Thread 0x0000019a098e0800 Uncommon trap: reason=unstable_if action=reinterpret pc=0x0000019a0be1d6d0 method=org.springframework.beans.factory.support.AbstractBeanFactory.isTypeMatch(Ljava/lang/String;Lorg/springframework/core/ResolvableType;Z)Z @ 559
Event: 5.796 Thread 0x0000019a098e0800 Uncommon trap: reason=unstable_if action=reinterpret pc=0x0000019a0c047cb0 method=org.springframework.asm.Frame.merge(Lorg/springframework/asm/SymbolTable;I[II)Z @ 22
Event: 5.808 Thread 0x0000019a098e0800 Uncommon trap: reason=unstable_if action=reinterpret pc=0x0000019a0bdee998 method=org.springframework.aop.framework.autoproxy.AbstractAutoProxyCreator.predictBeanType(Ljava/lang/Class;Ljava/lang/String;)Ljava/lang/Class; @ 9
Event: 5.825 Thread 0x0000019a098e0800 Uncommon trap: reason=unstable_if action=reinterpret pc=0x0000019a0be14c8c method=java.util.concurrent.ConcurrentHashMap.putVal(Ljava/lang/Object;Ljava/lang/Object;Z)Ljava/lang/Object; @ 331
Event: 5.896 Thread 0x0000019a098e0800 Uncommon trap: reason=unstable_if action=reinterpret pc=0x0000019a0bdf3930 method=java.util.concurrent.ConcurrentHashMap.get(Ljava/lang/Object;)Ljava/lang/Object; @ 86
Event: 5.920 Thread 0x0000019a098e0800 Uncommon trap: reason=unstable_if action=reinterpret pc=0x0000019a0b911628 method=java.util.Properties$LineReader.readLine()I @ 200
Event: 5.977 Thread 0x0000019a098e0800 Uncommon trap: reason=unstable_if action=reinterpret pc=0x0000019a0b8fb7f8 method=java.util.Properties$LineReader.readLine()I @ 200
Event: 5.990 Thread 0x0000019a098e0800 Uncommon trap: reason=unstable_if action=reinterpret pc=0x0000019a0b87cbe4 method=java.io.WinNTFileSystem.isLetter(C)Z @ 15
Event: 5.991 Thread 0x0000019a098e0800 Uncommon trap: reason=unstable_if action=reinterpret pc=0x0000019a0b8f89cc method=java.io.WinNTFileSystem.resolve(Ljava/lang/String;Ljava/lang/String;)Ljava/lang/String; @ 117

Classes redefined (0 events):
No events

Internal exceptions (10 events):
Event: 6.032 Thread 0x0000019a098e0800 Exception <a 'java/lang/ClassNotFoundException': org/springframework/beans/factory/AwareCustomizer> (0x00000000dbae9e30) thrown at [C:\jenkins\workspace\8-2-build-windows-amd64-cygwin\jdk8u281\880\hotspot\src\share\vm\classfile\systemDictionary.cpp, line 
Event: 6.033 Thread 0x0000019a098e0800 Exception <a 'java/lang/ClassNotFoundException': org/springframework/boot/web/servlet/server/ConfigurableServletWebServerFactoryCustomizer> (0x00000000dbb148f8) thrown at [C:\jenkins\workspace\8-2-build-windows-amd64-cygwin\jdk8u281\880\hotspot\src\share\
Event: 6.034 Thread 0x0000019a098e0800 Exception <a 'java/lang/ClassNotFoundException': org/springframework/boot/web/server/ConfigurableWebServerFactoryCustomizer> (0x00000000dbb49be8) thrown at [C:\jenkins\workspace\8-2-build-windows-amd64-cygwin\jdk8u281\880\hotspot\src\share\vm\classfile\sy
Event: 6.035 Thread 0x0000019a098e0800 Exception <a 'java/lang/ClassNotFoundException': org/springframework/boot/web/server/ErrorPageRegistryCustomizer> (0x00000000dbb74838) thrown at [C:\jenkins\workspace\8-2-build-windows-amd64-cygwin\jdk8u281\880\hotspot\src\share\vm\classfile\systemDiction
Event: 6.035 Thread 0x0000019a098e0800 Exception <a 'java/lang/ClassNotFoundException': org/springframework/boot/web/servlet/server/ServletWebServerFactoryCustomizer> (0x00000000dbb9bdd0) thrown at [C:\jenkins\workspace\8-2-build-windows-amd64-cygwin\jdk8u281\880\hotspot\src\share\vm\classfile
Event: 6.036 Thread 0x0000019a098e0800 Exception <a 'java/lang/ClassNotFoundException': org/springframework/boot/web/servlet/WebListenerRegistryCustomizer> (0x00000000dbbbeca8) thrown at [C:\jenkins\workspace\8-2-build-windows-amd64-cygwin\jdk8u281\880\hotspot\src\share\vm\classfile\systemDict
Event: 6.038 Thread 0x0000019a098e0800 Exception <a 'java/lang/ClassNotFoundException': org/springframework/boot/web/server/ConfigurableWebServerFactoryCustomizer> (0x00000000dbbe4680) thrown at [C:\jenkins\workspace\8-2-build-windows-amd64-cygwin\jdk8u281\880\hotspot\src\share\vm\classfile\sy
Event: 6.039 Thread 0x0000019a098e0800 Exception <a 'java/lang/ClassNotFoundException': org/springframework/boot/web/server/ErrorPageRegistryCustomizer> (0x00000000dbc0f2d0) thrown at [C:\jenkins\workspace\8-2-build-windows-amd64-cygwin\jdk8u281\880\hotspot\src\share\vm\classfile\systemDiction
Event: 6.044 Thread 0x0000019a098e0800 Exception <a 'java/lang/ClassNotFoundException': java/lang/ObjectCustomizer> (0x00000000dbc3be58) thrown at [C:\jenkins\workspace\8-2-build-windows-amd64-cygwin\jdk8u281\880\hotspot\src\share\vm\classfile\systemDictionary.cpp, line 212]
Event: 6.045 Thread 0x0000019a098e0800 Exception <a 'java/lang/ClassNotFoundException': org/springframework/boot/autoconfigure/web/servlet/ServletWebServerFactoryAutoConfigurationCustomizer> (0x00000000dbc6e4a0) thrown at [C:\jenkins\workspace\8-2-build-windows-amd64-cygwin\jdk8u281\880\hotspo

Events (10 events):
Event: 6.056 loading class org/springframework/boot/autoconfigure/web/ServerProperties$Jetty$Threads
Event: 6.056 loading class org/springframework/boot/autoconfigure/web/ServerProperties$Jetty$Threads done
Event: 6.056 loading class org/springframework/boot/autoconfigure/web/ServerProperties$Undertow$Accesslog
Event: 6.056 loading class org/springframework/boot/autoconfigure/web/ServerProperties$Undertow$Accesslog done
Event: 6.057 loading class org/springframework/boot/autoconfigure/web/ServerProperties$Undertow$Threads
Event: 6.057 loading class org/springframework/boot/autoconfigure/web/ServerProperties$Undertow$Threads done
Event: 6.058 loading class org/springframework/boot/autoconfigure/web/ServerProperties$Undertow$Options
Event: 6.058 loading class org/springframework/boot/autoconfigure/web/ServerProperties$Undertow$Options done
Event: 6.059 loading class java/lang/ObjectCustomizer
Event: 6.059 loading class java/lang/ObjectCustomizer done


Dynamic libraries:
0x00007ff683960000 - 0x00007ff6839a7000 	D:\FileNameEnglish\java\bin\java.exe
0x00007ffb4dbc0000 - 0x00007ffb4ddb0000 	C:\Windows\SYSTEM32\ntdll.dll
0x00007ffb4d910000 - 0x00007ffb4d9c2000 	C:\Windows\System32\KERNEL32.DLL
0x00007ffb4ae70000 - 0x00007ffb4b115000 	C:\Windows\System32\KERNELBASE.dll
0x00007ffb4cef0000 - 0x00007ffb4cf93000 	C:\Windows\System32\ADVAPI32.dll
0x00007ffb4d870000 - 0x00007ffb4d90e000 	C:\Windows\System32\msvcrt.dll
0x00007ffb4c730000 - 0x00007ffb4c7c7000 	C:\Windows\System32\sechost.dll
0x00007ffb4d750000 - 0x00007ffb4d86f000 	C:\Windows\System32\RPCRT4.dll
0x00007ffb4d5b0000 - 0x00007ffb4d744000 	C:\Windows\System32\USER32.dll
0x00007ffb4bb90000 - 0x00007ffb4bbb1000 	C:\Windows\System32\win32u.dll
0x00007ffb4c6f0000 - 0x00007ffb4c716000 	C:\Windows\System32\GDI32.dll
0x00007ffb4b9d0000 - 0x00007ffb4bb68000 	C:\Windows\System32\gdi32full.dll
0x00007ffb4b120000 - 0x00007ffb4b1be000 	C:\Windows\System32\msvcp_win.dll
0x00007ffb4ad70000 - 0x00007ffb4ae6a000 	C:\Windows\System32\ucrtbase.dll
0x00007ffb37440000 - 0x00007ffb376c4000 	C:\Windows\WinSxS\amd64_microsoft.windows.common-controls_6595b64144ccf1df_6.0.18362.1440_none_9e7dbfb9e45e8e67\COMCTL32.dll
0x00007ffb4cfa0000 - 0x00007ffb4d2d6000 	C:\Windows\System32\combase.dll
0x00007ffb4ab30000 - 0x00007ffb4abb1000 	C:\Windows\System32\bcryptPrimitives.dll
0x00007ffb4d370000 - 0x00007ffb4d39e000 	C:\Windows\System32\IMM32.DLL
0x00007ffb46f80000 - 0x00007ffb46f95000 	D:\FileNameEnglish\java\jre\bin\vcruntime140.dll
0x00007ffb29400000 - 0x00007ffb2949b000 	D:\FileNameEnglish\java\jre\bin\msvcp140.dll
0x000000006d070000 - 0x000000006d8cf000 	D:\FileNameEnglish\java\jre\bin\server\jvm.dll
0x00007ffb4c720000 - 0x00007ffb4c728000 	C:\Windows\System32\PSAPI.DLL
0x00007ffb36890000 - 0x00007ffb36899000 	C:\Windows\SYSTEM32\WSOCK32.dll
0x00007ffb48640000 - 0x00007ffb48664000 	C:\Windows\SYSTEM32\WINMM.dll
0x00007ffb43990000 - 0x00007ffb4399a000 	C:\Windows\SYSTEM32\VERSION.dll
0x00007ffb4d2e0000 - 0x00007ffb4d34f000 	C:\Windows\System32\WS2_32.dll
0x00007ffb48610000 - 0x00007ffb4863d000 	C:\Windows\SYSTEM32\WINMMBASE.dll
0x00007ffb4abc0000 - 0x00007ffb4ac0a000 	C:\Windows\System32\cfgmgr32.dll
0x00007ffb4aa80000 - 0x00007ffb4aa91000 	C:\Windows\System32\kernel.appcore.dll
0x00007ffb435a0000 - 0x00007ffb435b0000 	D:\FileNameEnglish\java\jre\bin\verify.dll
0x00007ffb43400000 - 0x00007ffb4342b000 	D:\FileNameEnglish\java\jre\bin\java.dll
0x00007ffb293c0000 - 0x00007ffb293f6000 	D:\FileNameEnglish\java\jre\bin\jdwp.dll
0x00007ffb31400000 - 0x00007ffb31409000 	D:\FileNameEnglish\java\jre\bin\npt.dll
0x00007ffb31710000 - 0x00007ffb31740000 	D:\FileNameEnglish\java\jre\bin\instrument.dll
0x00007ffb433d0000 - 0x00007ffb433e8000 	D:\FileNameEnglish\java\jre\bin\zip.dll
0x00007ffb4c000000 - 0x00007ffb4c6e8000 	C:\Windows\System32\SHELL32.dll
0x00007ffb4bc70000 - 0x00007ffb4bd17000 	C:\Windows\System32\shcore.dll
0x00007ffb4b220000 - 0x00007ffb4b99b000 	C:\Windows\System32\windows.storage.dll
0x00007ffb4aac0000 - 0x00007ffb4aade000 	C:\Windows\System32\profapi.dll
0x00007ffb4aae0000 - 0x00007ffb4ab2a000 	C:\Windows\System32\powrprof.dll
0x00007ffb4aa70000 - 0x00007ffb4aa80000 	C:\Windows\System32\UMPDC.dll
0x00007ffb4bec0000 - 0x00007ffb4bf12000 	C:\Windows\System32\shlwapi.dll
0x00007ffb4bb70000 - 0x00007ffb4bb87000 	C:\Windows\System32\cryptsp.dll
0x00007ffb2a6f0000 - 0x00007ffb2a6fa000 	D:\FileNameEnglish\java\jre\bin\dt_socket.dll
0x00007ffb4a2b0000 - 0x00007ffb4a317000 	C:\Windows\system32\mswsock.dll
0x00007ffb33f60000 - 0x00007ffb33f7c000 	D:\FileNameEnglish\java\jre\bin\net.dll
0x00007ffb33a10000 - 0x00007ffb33a23000 	D:\FileNameEnglish\java\jre\bin\nio.dll
0x00007ffb43590000 - 0x00007ffb4359d000 	D:\FileNameEnglish\java\jre\bin\management.dll
0x00007ffb2a730000 - 0x00007ffb2a746000 	C:\Windows\system32\napinsp.dll
0x00007ffb2a710000 - 0x00007ffb2a72a000 	C:\Windows\system32\pnrpnsp.dll
0x00007ffb4a000000 - 0x00007ffb4a0cb000 	C:\Windows\SYSTEM32\DNSAPI.dll
0x00007ffb4ca00000 - 0x00007ffb4ca08000 	C:\Windows\System32\NSI.dll
0x00007ffb49fc0000 - 0x00007ffb49ffa000 	C:\Windows\SYSTEM32\IPHLPAPI.DLL
0x00007ffb2a700000 - 0x00007ffb2a70e000 	C:\Windows\System32\winrnr.dll
0x00007ffb46d50000 - 0x00007ffb46d6c000 	C:\Windows\system32\NLAapi.dll
0x00007ffb46270000 - 0x00007ffb46285000 	C:\Windows\system32\wshbth.dll
0x00007ffb39460000 - 0x00007ffb3946a000 	C:\Windows\System32\rasadhlp.dll
0x00007ffb40250000 - 0x00007ffb402c7000 	C:\Windows\System32\fwpuclnt.dll
0x00007ffb4b9a0000 - 0x00007ffb4b9c6000 	C:\Windows\System32\bcrypt.dll
0x00007ffb41500000 - 0x00007ffb41516000 	C:\Windows\SYSTEM32\dhcpcsvc6.DLL
0x00007ffb42010000 - 0x00007ffb4202c000 	C:\Windows\SYSTEM32\dhcpcsvc.DLL
0x00007ffb49350000 - 0x00007ffb49544000 	C:\Windows\SYSTEM32\dbghelp.dll

VM Arguments:
jvm_args: -agentlib:jdwp=transport=dt_socket,address=127.0.0.1:58987,suspend=y,server=n -ea -Didea.test.cyclic.buffer.size=1048576 -javaagent:C:\Users\Administrator\AppData\Local\JetBrains\IntelliJIdea2020.3\captureAgent\debugger-agent.jar -Dfile.encoding=UTF-8 
java_command: com.intellij.rt.junit.JUnitStarter -ideVersion5 -junit5 com.cqupt.springbootweb.SpringbootWebApplicationTests,testSelect
java_class_path (initial): D:\FileNameEnglish\IDEA\IntelliJ IDEA 2020.3.2\lib\idea_rt.jar;C:\Users\Administrator\.m2\repository\org\junit\platform\junit-platform-launcher\1.7.1\junit-platform-launcher-1.7.1.jar;D:\FileNameEnglish\IDEA\IntelliJ IDEA 2020.3.2\plugins\junit\lib\junit5-rt.jar;D:\FileNameEnglish\IDEA\IntelliJ IDEA 2020.3.2\plugins\junit\lib\junit-rt.jar;D:\FileNameEnglish\java\jre\lib\charsets.jar;D:\FileNameEnglish\java\jre\lib\deploy.jar;D:\FileNameEnglish\java\jre\lib\ext\access-bridge-64.jar;D:\FileNameEnglish\java\jre\lib\ext\cldrdata.jar;D:\FileNameEnglish\java\jre\lib\ext\dnsns.jar;D:\FileNameEnglish\java\jre\lib\ext\jaccess.jar;D:\FileNameEnglish\java\jre\lib\ext\jfxrt.jar;D:\FileNameEnglish\java\jre\lib\ext\localedata.jar;D:\FileNameEnglish\java\jre\lib\ext\nashorn.jar;D:\FileNameEnglish\java\jre\lib\ext\sunec.jar;D:\FileNameEnglish\java\jre\lib\ext\sunjce_provider.jar;D:\FileNameEnglish\java\jre\lib\ext\sunmscapi.jar;D:\FileNameEnglish\java\jre\lib\ext\sunpkcs11.jar;D:\FileNameEnglish\java\jre\lib\ext\zipfs.jar;D:\FileNameEnglish\java\jre\lib\javaws.jar;D:\FileNameEnglish\java\jre\lib\jce.jar;D:\FileNameEnglish\java\jre\lib\jfr.jar;D:\FileNameEnglish\java\jre\lib\jfxswt.jar;D:\FileNameEnglish\java\jre\lib\jsse.jar;D:\FileNameEnglish\java\jre\lib\management-agent.jar;D:\FileNameEnglish\java\jre\lib\plugin.jar;D:\FileNameEnglish\java\jre\lib\resources.jar;D:\FileNameEnglish\java\jre\lib\rt.jar;C:\Users\Administrator\IdeaProjects\springboot-web\target\test-classes;C:\Users\Administrator\IdeaProjects\springboot-web\target\classes;C:\Users\Administrator\.m2\repository\org\springframework\boot\spring-boot-starter-thymeleaf\2.4.3\spring-boot-starter-thymeleaf-2.4.3.jar;C:\Users\Administrator\.m2\repository\org\springframework\boot\spring-boot-starter\2.4.3\spring-boot-starter-2.4.3.jar;C:\Users\Administrator\.m2\repository\org\springframework\boot\spring-boot-starter-logging\2.4.3\spring-boot-starter-logging-2.4.3.jar;C:\Users\Administrator\.m2\repo
Launcher Type: SUN_STANDARD

Environment Variables:
PATH=C:\Windows\system32;C:\Windows;C:\Windows\System32\Wbem;C:\Windows\System32\WindowsPowerShell\v1.0\;C:\Windows\System32\OpenSSH\;D:\FileNameEnglish\Matlab\runtime\win64;D:\FileNameEnglish\Matlab\bin;D:\FileNameEnglish\Matlab\polyspace\bin;C:\MinGW\bin;D:\\libsvm-3.24\libsvm-3.24\tools;C:\TDM-GCC-64\bin;D:\\libsvm-3.24\libsvm-3.24\windows;D:\FileNameEnglish\maven\apache-maven-3.6.3-bin\apache-maven-3.6.3\bin;D:\FileNameEnglish\java\bin;C:\Program Files\MySQL\MySQL Server 8.0\bin;D:\FileNameEnglish\anaconda;D:\FileNameEnglish\anaconda\Library\mingw-w64\bin;D:\FileNameEnglish\anaconda\Library\usr\bin;D:\FileNameEnglish\anaconda\Library\bin;D:\FileNameEnglish\anaconda\Scripts;C:\Users\Administrator\AppData\Local\Microsoft\WindowsApps;C:\Program Files\JetBrains\PyCharm Community Edition 2020.3\bin;
USERNAME=Administrator
OS=Windows_NT
PROCESSOR_IDENTIFIER=Intel64 Family 6 Model 142 Stepping 10, GenuineIntel



---------------  S Y S T E M  ---------------

OS: Windows 10.0 , 64 bit Build 18362 (10.0.18362.1350)

CPU:total 8 (initial active 8) (4 cores per cpu, 2 threads per core) family 6 model 142 stepping 10, cmov, cx8, fxsr, mmx, sse, sse2, sse3, ssse3, sse4.1, sse4.2, popcnt, avx, avx2, aes, clmul, erms, 3dnowpref, lzcnt, ht, tsc, tscinvbit, bmi1, bmi2, adx

Memory: 4k page, physical 8269544k(955108k free), swap 18755300k(1384k free)

vm_info: Java HotSpot(TM) 64-Bit Server VM (25.281-b09) for windows-amd64 JRE (1.8.0_281-b09), built on Dec  9 2020 13:54:07 by "" with MS VC++ 15.9 (VS2017)

time: Sat Apr 10 17:59:45 2021
timezone: ?D1???
elapsed time: 6.083047 seconds (0d 0h 0m 6s)

